\BOOKMARK [1][-]{section.1}{\376\377\000I\000n\000t\000r\000o\000d\000u\000c\000t\000i\000o\000n\000\040\000a\000n\000d\000\040\000L\000i\000t\000e\000r\000a\000t\000u\000r\000e\000\040\000R\000e\000v\000i\000e\000w}{}% 1
\BOOKMARK [2][-]{subsection.1.1}{\376\377\000I\000n\000d\000o\000o\000r\000\040\000P\000o\000s\000i\000t\000i\000o\000n\000i\000n\000g\000\040\000a\000n\000d\000\040\000t\000h\000e\000\040\000L\000i\000m\000i\000t\000s\000\040\000o\000f\000\040\000G\000P\000S}{section.1}% 2
\BOOKMARK [2][-]{subsection.1.2}{\376\377\000U\000l\000t\000r\000a\000-\000W\000i\000d\000e\000b\000a\000n\000d\000\040\000f\000o\000r\000\040\000I\000n\000d\000o\000o\000r\000\040\000R\000a\000n\000g\000i\000n\000g}{section.1}% 3
\BOOKMARK [2][-]{subsection.1.3}{\376\377\000T\000h\000e\000\040\000L\000O\000S\000/\000N\000L\000O\000S\000\040\000C\000h\000a\000l\000l\000e\000n\000g\000e}{section.1}% 4
\BOOKMARK [1][-]{section.2}{\376\377\000P\000r\000o\000p\000o\000s\000e\000d\000\040\000S\000o\000l\000u\000t\000i\000o\000n}{}% 5
\BOOKMARK [2][-]{subsection.2.1}{\376\377\000D\000a\000t\000a\000\040\000P\000r\000e\000p\000a\000r\000a\000t\000i\000o\000n\000\040\000\050\0001\000s\000t\000\040\000D\000\051}{section.2}% 6
\BOOKMARK [3][-]{subsubsection.2.1.1}{\376\377\000D\000a\000t\000a\000s\000e\000t\000\040\000D\000e\000s\000c\000r\000i\000p\000t\000i\000o\000n}{subsection.2.1}% 7
\BOOKMARK [3][-]{subsubsection.2.1.2}{\376\377\000D\000a\000t\000a\000\040\000C\000l\000e\000a\000n\000i\000n\000g}{subsection.2.1}% 8
\BOOKMARK [3][-]{subsubsection.2.1.3}{\376\377\000C\000I\000R\000\040\000N\000o\000r\000m\000a\000l\000i\000s\000a\000t\000i\000o\000n}{subsection.2.1}% 9
\BOOKMARK [3][-]{subsubsection.2.1.4}{\376\377\000F\000e\000a\000t\000u\000r\000e\000\040\000I\000m\000p\000o\000r\000t\000a\000n\000c\000e\000\040\000R\000a\000n\000k\000i\000n\000g}{subsection.2.1}% 10
\BOOKMARK [3][-]{subsubsection.2.1.5}{\376\377\000T\000w\000o\000-\000P\000a\000t\000h\000\040\000F\000r\000a\000m\000e\000w\000o\000r\000k}{subsection.2.1}% 11
\BOOKMARK [2][-]{subsection.2.2}{\376\377\000D\000a\000t\000a\000\040\000M\000i\000n\000i\000n\000g\000\040\000\050\0002\000n\000d\000\040\000D\000\051}{section.2}% 12
\BOOKMARK [3][-]{subsubsection.2.2.1}{\376\377\000T\000r\000a\000i\000n\000/\000T\000e\000s\000t\000\040\000S\000p\000l\000i\000t}{subsection.2.2}% 13
\BOOKMARK [3][-]{subsubsection.2.2.2}{\376\377\000P\000a\000t\000h\000\040\0001\000\040\000C\000l\000a\000s\000s\000i\000f\000i\000c\000a\000t\000i\000o\000n}{subsection.2.2}% 14
\BOOKMARK [3][-]{subsubsection.2.2.3}{\376\377\000P\000a\000t\000h\000\040\0001\000\040\000D\000i\000s\000t\000a\000n\000c\000e\000\040\000R\000e\000g\000r\000e\000s\000s\000i\000o\000n}{subsection.2.2}% 15
\BOOKMARK [3][-]{subsubsection.2.2.4}{\376\377\000P\000a\000t\000h\000\040\0002\000\040\000D\000i\000s\000t\000a\000n\000c\000e\000\040\000R\000e\000g\000r\000e\000s\000s\000i\000o\000n}{subsection.2.2}% 16
\BOOKMARK [3][-]{subsubsection.2.2.5}{\376\377\000M\000u\000l\000t\000i\000-\000L\000a\000y\000e\000r\000\040\000P\000e\000r\000c\000e\000p\000t\000r\000o\000n\000\040\000\050\000M\000L\000P\000\051\000\040\000C\000l\000a\000s\000s\000i\000f\000i\000e\000r}{subsection.2.2}% 17
\BOOKMARK [2][-]{subsection.2.3}{\376\377\000D\000a\000t\000a\000\040\000V\000i\000s\000u\000a\000l\000i\000s\000a\000t\000i\000o\000n\000\040\000\050\0003\000r\000d\000\040\000D\000\051}{section.2}% 18
\BOOKMARK [1][-]{section.3}{\376\377\000E\000x\000p\000e\000r\000i\000m\000e\000n\000t\000a\000l\000\040\000R\000e\000s\000u\000l\000t\000s\000\040\000a\000n\000d\000\040\000D\000i\000s\000c\000u\000s\000s\000i\000o\000n}{}% 19
\BOOKMARK [2][-]{subsection.3.1}{\376\377\000C\000l\000a\000s\000s\000i\000f\000i\000c\000a\000t\000i\000o\000n\000\040\000P\000e\000r\000f\000o\000r\000m\000a\000n\000c\000e\000\040\040\024\000\040\000P\000a\000t\000h\000\040\0001}{section.3}% 20
\BOOKMARK [2][-]{subsection.3.2}{\376\377\000D\000i\000s\000t\000a\000n\000c\000e\000\040\000E\000s\000t\000i\000m\000a\000t\000i\000o\000n\000\040\040\024\000\040\000P\000a\000t\000h\000\040\0001}{section.3}% 21
\BOOKMARK [2][-]{subsection.3.3}{\376\377\000D\000i\000s\000t\000a\000n\000c\000e\000\040\000E\000s\000t\000i\000m\000a\000t\000i\000o\000n\000\040\040\024\000\040\000P\000a\000t\000h\000\040\0002}{section.3}% 22
\BOOKMARK [2][-]{subsection.3.4}{\376\377\000S\000u\000m\000m\000a\000r\000y\000\040\000o\000f\000\040\000R\000e\000s\000u\000l\000t\000s}{section.3}% 23
\BOOKMARK [2][-]{subsection.3.5}{\376\377\000A\000l\000g\000o\000r\000i\000t\000h\000m\000\040\000C\000o\000m\000p\000a\000r\000i\000s\000o\000n\000:\000\040\000R\000a\000n\000d\000o\000m\000\040\000F\000o\000r\000e\000s\000t\000\040\000v\000s\000.\000\040\000M\000L\000P}{section.3}% 24
\BOOKMARK [2][-]{subsection.3.6}{\376\377\000D\000i\000s\000c\000u\000s\000s\000i\000o\000n}{section.3}% 25
\BOOKMARK [1][-]{section.4}{\376\377\000C\000o\000n\000c\000l\000u\000s\000i\000o\000n\000\040\000a\000n\000d\000\040\000F\000u\000t\000u\000r\000e\000\040\000W\000o\000r\000k}{}% 26
\BOOKMARK [2][-]{subsection.4.1}{\376\377\000C\000o\000n\000c\000l\000u\000s\000i\000o\000n}{section.4}% 27
\BOOKMARK [2][-]{subsection.4.2}{\376\377\000F\000u\000t\000u\000r\000e\000\040\000W\000o\000r\000k}{section.4}% 28
\BOOKMARK [1][-]{section*.1}{\376\377\000R\000e\000f\000e\000r\000e\000n\000c\000e\000s}{}% 29
